0 info it worked if it ends with ok
1 verbose cli [ 'node', '/usr/local/bin/npm', 'publish', '.' ]
2 info using npm@1.1.32
3 info using node@v0.6.18
4 verbose config file /Users/gjtorikian/.npmrc
5 verbose config file /usr/local/etc/npmrc
6 verbose config file /usr/local/lib/node_modules/npm/npmrc
7 verbose publish [ '.' ]
8 verbose read json /Users/gjtorikian/Developer/panino-docs/package.json
9 verbose cache add [ '.', null ]
10 silly cache add name=undefined spec="." args=[".",null]
11 verbose parsed url { pathname: '.', path: '.', href: '.' }
12 verbose read json package.json
13 verbose tar pack [ '/var/folders/5p/7q_0lmvs3s96_xpt4g0lj1l00000gq/T/npm-1349728149774/1349728149774-0.451694073388353/tmp.tgz',
13 verbose tar pack   '.' ]
14 verbose tarball /var/folders/5p/7q_0lmvs3s96_xpt4g0lj1l00000gq/T/npm-1349728149774/1349728149774-0.451694073388353/tmp.tgz
15 verbose folder .
16 info prepublish panino@2.1.5
17 verbose tar unpack /var/folders/5p/7q_0lmvs3s96_xpt4g0lj1l00000gq/T/npm-1349728149774/1349728149774-0.451694073388353/tmp.tgz
18 silly gunzTarPerm modes [ '755', '644' ]
19 silly gunzTarPerm extractEntry package.json
20 silly gunzTarPerm extractEntry .npmignore
21 silly gunzTarPerm extractEntry README.md
22 silly gunzTarPerm extractEntry LICENSE
23 silly gunzTarPerm extractEntry index.js
24 silly gunzTarPerm extractEntry build.js
25 silly gunzTarPerm extractEntry lib/panino.js
26 silly gunzTarPerm extractEntry lib/panino/cli.js
27 silly gunzTarPerm extractEntry lib/panino/common.js
28 silly gunzTarPerm extractEntry lib/panino/parsers.js
29 silly gunzTarPerm extractEntry lib/panino/plugins.js
30 silly gunzTarPerm extractEntry lib/panino/renderers.js
31 silly gunzTarPerm extractEntry lib/panino/version.js
32 silly gunzTarPerm extractEntry lib/panino/cli/lazy-choices.js
33 silly gunzTarPerm extractEntry lib/panino/cli/read-file.js
34 silly gunzTarPerm extractEntry lib/panino/cli/read-json.js
35 silly gunzTarPerm extractEntry lib/panino/plugins/parsers/jsd_parser.js
36 silly gunzTarPerm extractEntry lib/panino/plugins/parsers/markdown.js
37 silly gunzTarPerm extractEntry lib/panino/plugins/parsers/pdoc_parser.js
38 silly gunzTarPerm extractEntry lib/panino/plugins/parsers/javascript/jsd/ast_esprima.js
39 silly gunzTarPerm extractEntry lib/panino/plugins/parsers/javascript/jsd/doc_expander.js
40 silly gunzTarPerm extractEntry lib/panino/plugins/parsers/javascript/jsd/doc_parser.js
41 silly gunzTarPerm extractEntry lib/panino/plugins/parsers/javascript/jsd/doc_type.js
42 silly gunzTarPerm extractEntry lib/panino/plugins/parsers/javascript/jsd/doc_ast.js
43 silly gunzTarPerm extractEntry lib/panino/plugins/parsers/javascript/jsd/function_ast.js
44 silly gunzTarPerm extractEntry lib/panino/plugins/parsers/javascript/jsd/js_parser.js
45 silly gunzTarPerm extractEntry lib/panino/plugins/parsers/javascript/jsd/merger.js
46 silly gunzTarPerm extractEntry lib/panino/plugins/parsers/javascript/jsd/serializer.js
47 silly gunzTarPerm extractEntry lib/panino/plugins/parsers/javascript/jsd/utils.js
48 silly gunzTarPerm extractEntry lib/panino/plugins/parsers/javascript/jsd/evaluator.js
49 silly gunzTarPerm extractEntry lib/panino/plugins/parsers/javascript/pdoc/pdoc.js
50 silly gunzTarPerm extractEntry lib/panino/plugins/parsers/javascript/pdoc/defaultParseRules.json
51 silly gunzTarPerm extractEntry lib/panino/plugins/parsers/javascript/pdoc/pdoc.y
52 silly gunzTarPerm extractEntry lib/panino/plugins/renderers/html.js
53 silly gunzTarPerm extractEntry lib/panino/plugins/renderers/json.js
54 silly gunzTarPerm extractEntry additionalObjs.json
55 silly gunzTarPerm extractEntry skins/common_layout.jade
56 silly gunzTarPerm extractEntry skins/goose/assets/csses/bootstrap.min.css
57 silly gunzTarPerm extractEntry skins/goose/assets/csses/prettify.css
58 silly gunzTarPerm extractEntry skins/goose/assets/csses/refguide_overrides.css
59 silly gunzTarPerm extractEntry skins/goose/assets/images/header-back.png
60 silly gunzTarPerm extractEntry skins/goose/assets/images/arrow_footer.png
61 silly gunzTarPerm extractEntry skins/goose/assets/images/c9-sponsor.png
62 silly gunzTarPerm extractEntry skins/goose/assets/images/cloud9-logo.png
63 silly gunzTarPerm extractEntry skins/goose/assets/images/content-bg.png
64 silly gunzTarPerm extractEntry skins/goose/assets/images/content-top-bg.png
65 silly gunzTarPerm extractEntry skins/goose/assets/images/content-top.png
66 silly gunzTarPerm extractEntry skins/goose/assets/images/debuggable-logo-footer.png
67 silly gunzTarPerm extractEntry skins/goose/assets/images/favicon.ico
68 silly gunzTarPerm extractEntry skins/goose/assets/images/footer_arrow.png
69 silly gunzTarPerm extractEntry skins/goose/assets/images/footer_bg.png
70 silly gunzTarPerm extractEntry skins/goose/assets/images/header-back.jpg
71 silly gunzTarPerm extractEntry skins/goose/assets/images/c9-log-footer.png
72 silly gunzTarPerm extractEntry skins/goose/assets/images/joyent-logo-footer.png
73 silly gunzTarPerm extractEntry skins/goose/assets/images/main-bg.png
74 silly gunzTarPerm extractEntry skins/goose/assets/images/main_bg.png
75 silly gunzTarPerm extractEntry skins/goose/assets/images/member-sprites.png
76 silly gunzTarPerm extractEntry skins/goose/assets/images/menu_disc.png
77 silly gunzTarPerm extractEntry skins/goose/assets/images/method_bg.png
78 silly gunzTarPerm extractEntry skins/goose/assets/images/mozilla-logo-footer.png
79 silly gunzTarPerm extractEntry skins/goose/assets/images/node_logo.png
80 silly gunzTarPerm extractEntry skins/goose/assets/images/scrolled-heading-shadow.png
81 silly gunzTarPerm extractEntry skins/goose/assets/images/sidebar-top-bg.png
82 silly gunzTarPerm extractEntry skins/goose/assets/images/sidebar_border.png
83 silly gunzTarPerm extractEntry skins/goose/assets/javascripts/bootstrap-dropdown.js
84 silly gunzTarPerm extractEntry skins/goose/assets/javascripts/clicker.js
85 silly gunzTarPerm extractEntry skins/goose/assets/javascripts/jquery-scrollspy.js
86 silly gunzTarPerm extractEntry skins/goose/assets/javascripts/jquery.collapse.js
87 silly gunzTarPerm extractEntry skins/goose/assets/javascripts/jquery.cookie.js
88 silly gunzTarPerm extractEntry skins/goose/assets/javascripts/jquery.js
89 silly gunzTarPerm extractEntry skins/goose/assets/javascripts/plugins.js
90 silly gunzTarPerm extractEntry skins/goose/assets/javascripts/prettify-extension.js
91 silly gunzTarPerm extractEntry skins/goose/assets/javascripts/prettify.js
92 silly gunzTarPerm extractEntry skins/goose/assets/javascripts/ux.js
93 silly gunzTarPerm extractEntry skins/goose/templates/_menu.jade
94 silly gunzTarPerm extractEntry skins/goose/templates/layout.jade
95 silly gunzTarPerm extractEntry skins/goose/templates/lib.jade
96 silly gunzTarPerm extractEntry skins/original/assets/images/instance_property.png
97 silly gunzTarPerm extractEntry skins/original/assets/images/class.png
98 silly gunzTarPerm extractEntry skins/original/assets/images/class_property.png
99 silly gunzTarPerm extractEntry skins/original/assets/images/constant.png
100 silly gunzTarPerm extractEntry skins/original/assets/images/constructor.png
101 silly gunzTarPerm extractEntry skins/original/assets/images/description.png
102 silly gunzTarPerm extractEntry skins/original/assets/images/event.png
103 silly gunzTarPerm extractEntry skins/original/assets/images/information.png
104 silly gunzTarPerm extractEntry skins/original/assets/images/instance_method.png
105 silly gunzTarPerm extractEntry skins/original/assets/images/class_method.png
106 silly gunzTarPerm extractEntry skins/original/assets/images/method.png
107 silly gunzTarPerm extractEntry skins/original/assets/images/mixin.png
108 silly gunzTarPerm extractEntry skins/original/assets/images/namespace.png
109 silly gunzTarPerm extractEntry skins/original/assets/images/property.png
110 silly gunzTarPerm extractEntry skins/original/assets/images/section.png
111 silly gunzTarPerm extractEntry skins/original/assets/images/subclass.png
112 silly gunzTarPerm extractEntry skins/original/assets/images/superclass.png
113 silly gunzTarPerm extractEntry skins/original/assets/images/utility.png
114 silly gunzTarPerm extractEntry skins/original/assets/javascripts/main.js
115 silly gunzTarPerm extractEntry skins/original/assets/stylesheets/docblock.styl
116 silly gunzTarPerm extractEntry skins/original/assets/stylesheets/highlight.styl
117 silly gunzTarPerm extractEntry skins/original/assets/stylesheets/layout.styl
118 silly gunzTarPerm extractEntry skins/original/assets/stylesheets/main.css.styl
119 silly gunzTarPerm extractEntry skins/original/assets/stylesheets/menu.styl
120 silly gunzTarPerm extractEntry skins/original/assets/stylesheets/reset.styl
121 silly gunzTarPerm extractEntry skins/original/assets/stylesheets/signatures.styl
122 silly gunzTarPerm extractEntry skins/original/assets/stylesheets/type.styl
123 silly gunzTarPerm extractEntry skins/original/assets/stylesheets/variables.styl
124 silly gunzTarPerm extractEntry skins/original/templates/_arguments.jade
125 silly gunzTarPerm extractEntry skins/original/templates/_doc_header.jade
126 silly gunzTarPerm extractEntry skins/original/templates/_menu.jade
127 silly gunzTarPerm extractEntry skins/original/templates/_signatures.jade
128 silly gunzTarPerm extractEntry skins/original/templates/layout.jade
129 silly gunzTarPerm extractEntry skins/original/templates/lib.jade
130 silly gunzTarPerm extractEntry bin/panino.js
131 silly gunzTarPerm extractEntry parseOptions.json
132 silly gunzTarPerm extractEntry tests/check_test.js
133 silly gunzTarPerm modified mode [ 'tests/check_test.js', 416, 420 ]
134 silly gunzTarPerm extractEntry tests/features/index.js
135 silly gunzTarPerm extractEntry tests/features/issue_23.js
136 silly gunzTarPerm extractEntry tests/features/issue_24.js
137 silly gunzTarPerm extractEntry tests/features/issue_25.js
138 silly gunzTarPerm extractEntry tests/features/issue_27.js
139 silly gunzTarPerm extractEntry tests/features/issue_2.js
140 silly gunzTarPerm extractEntry tests/features/issue_35.js
141 silly gunzTarPerm extractEntry tests/features/issue_40.js
142 silly gunzTarPerm extractEntry tests/features/issue_45.js
143 silly gunzTarPerm extractEntry tests/features/issue_46.js
144 silly gunzTarPerm extractEntry tests/features/issue_63.js
145 silly gunzTarPerm extractEntry tests/features/issue_11.js
146 silly gunzTarPerm extractEntry tests/features/new_tags.js
147 silly gunzTarPerm extractEntry tests/features/issue_30.js
148 silly gunzTarPerm extractEntry tests/prototype/LICENSE
149 silly gunzTarPerm extractEntry tests/prototype/README.markdown
150 silly gunzTarPerm extractEntry tests/prototype/src/prototype.js
151 silly gunzTarPerm extractEntry tests/prototype/src/selector_engine.js
152 silly gunzTarPerm extractEntry tests/prototype/src/sizzle.js
153 silly gunzTarPerm extractEntry tests/prototype/src/constants.yml
154 silly gunzTarPerm extractEntry tests/prototype/src/prototype/ajax.js
155 silly gunzTarPerm extractEntry tests/prototype/src/prototype/deprecated.js
156 silly gunzTarPerm extractEntry tests/prototype/src/prototype/dom.js
157 silly gunzTarPerm extractEntry tests/prototype/src/prototype/lang.js
158 silly gunzTarPerm extractEntry tests/prototype/src/prototype/prototype.js
159 silly gunzTarPerm extractEntry tests/prototype/src/prototype/ajax/ajax.js
160 silly gunzTarPerm extractEntry tests/prototype/src/prototype/ajax/base.js
161 silly gunzTarPerm extractEntry tests/prototype/src/prototype/ajax/periodical_updater.js
162 silly gunzTarPerm extractEntry tests/prototype/src/prototype/ajax/request.js
163 silly gunzTarPerm extractEntry tests/prototype/src/prototype/ajax/responders.js
164 silly gunzTarPerm extractEntry tests/prototype/src/prototype/ajax/response.js
165 silly gunzTarPerm extractEntry tests/prototype/src/prototype/ajax/updater.js
166 silly gunzTarPerm extractEntry tests/prototype/src/prototype/dom/dom.js
167 silly gunzTarPerm extractEntry tests/prototype/src/prototype/dom/event.js
168 silly gunzTarPerm extractEntry tests/prototype/src/prototype/dom/form.js
169 silly gunzTarPerm extractEntry tests/prototype/src/prototype/dom/layout.js
170 silly gunzTarPerm extractEntry tests/prototype/src/prototype/dom/selector.js
171 silly gunzTarPerm extractEntry tests/prototype/src/prototype/lang/array.js
172 silly gunzTarPerm extractEntry tests/prototype/src/prototype/lang/enumerable.js
173 silly gunzTarPerm extractEntry tests/prototype/src/prototype/lang/function.js
174 silly gunzTarPerm extractEntry tests/prototype/src/prototype/lang/hash.js
175 silly gunzTarPerm extractEntry tests/prototype/src/prototype/lang/date.js
176 silly gunzTarPerm extractEntry tests/prototype/src/prototype/lang/object.js
177 silly gunzTarPerm extractEntry tests/prototype/src/prototype/lang/periodical_executer.js
178 silly gunzTarPerm extractEntry tests/prototype/src/prototype/lang/range.js
179 silly gunzTarPerm extractEntry tests/prototype/src/prototype/lang/regexp.js
180 silly gunzTarPerm extractEntry tests/prototype/src/prototype/lang/string.js
181 silly gunzTarPerm extractEntry tests/prototype/src/prototype/lang/class.js
182 silly gunzTarPerm extractEntry tests/prototype/src/prototype/lang/template.js
183 silly gunzTarPerm extractEntry tests/prototype/src/prototype/lang/number.js
184 verbose read json /var/folders/5p/7q_0lmvs3s96_xpt4g0lj1l00000gq/T/npm-1349728149774/1349728149774-0.451694073388353/package/package.json
185 verbose from cache /var/folders/5p/7q_0lmvs3s96_xpt4g0lj1l00000gq/T/npm-1349728149774/1349728149774-0.451694073388353/package/package.json
186 verbose tar pack [ '/Users/gjtorikian/.npm/panino/2.1.5/package.tgz',
186 verbose tar pack   '/var/folders/5p/7q_0lmvs3s96_xpt4g0lj1l00000gq/T/npm-1349728149774/1349728149774-0.451694073388353/package' ]
187 verbose tarball /Users/gjtorikian/.npm/panino/2.1.5/package.tgz
188 verbose folder /var/folders/5p/7q_0lmvs3s96_xpt4g0lj1l00000gq/T/npm-1349728149774/1349728149774-0.451694073388353/package
189 verbose tar unpack /Users/gjtorikian/.npm/panino/2.1.5/package.tgz
190 silly gunzTarPerm modes [ '755', '644' ]
191 silly gunzTarPerm extractEntry package.json
192 silly gunzTarPerm extractEntry .npmignore
193 silly gunzTarPerm extractEntry README.md
194 silly gunzTarPerm extractEntry LICENSE
195 silly gunzTarPerm extractEntry index.js
196 silly gunzTarPerm extractEntry build.js
197 silly gunzTarPerm extractEntry lib/panino.js
198 silly gunzTarPerm extractEntry lib/panino/cli.js
199 silly gunzTarPerm extractEntry lib/panino/common.js
200 silly gunzTarPerm extractEntry lib/panino/parsers.js
201 silly gunzTarPerm extractEntry lib/panino/plugins.js
202 silly gunzTarPerm extractEntry lib/panino/renderers.js
203 silly gunzTarPerm extractEntry lib/panino/version.js
204 silly gunzTarPerm extractEntry lib/panino/cli/lazy-choices.js
205 silly gunzTarPerm extractEntry lib/panino/cli/read-file.js
206 silly gunzTarPerm extractEntry lib/panino/cli/read-json.js
207 silly gunzTarPerm extractEntry lib/panino/plugins/parsers/jsd_parser.js
208 silly gunzTarPerm extractEntry lib/panino/plugins/parsers/markdown.js
209 silly gunzTarPerm extractEntry lib/panino/plugins/parsers/pdoc_parser.js
210 silly gunzTarPerm extractEntry lib/panino/plugins/parsers/javascript/jsd/ast_esprima.js
211 silly gunzTarPerm extractEntry lib/panino/plugins/parsers/javascript/jsd/doc_expander.js
212 silly gunzTarPerm extractEntry lib/panino/plugins/parsers/javascript/jsd/doc_parser.js
213 silly gunzTarPerm extractEntry lib/panino/plugins/parsers/javascript/jsd/doc_type.js
214 silly gunzTarPerm extractEntry lib/panino/plugins/parsers/javascript/jsd/doc_ast.js
215 silly gunzTarPerm extractEntry lib/panino/plugins/parsers/javascript/jsd/function_ast.js
216 silly gunzTarPerm extractEntry lib/panino/plugins/parsers/javascript/jsd/js_parser.js
217 silly gunzTarPerm extractEntry lib/panino/plugins/parsers/javascript/jsd/merger.js
218 silly gunzTarPerm extractEntry lib/panino/plugins/parsers/javascript/jsd/serializer.js
219 silly gunzTarPerm extractEntry lib/panino/plugins/parsers/javascript/jsd/utils.js
220 silly gunzTarPerm extractEntry lib/panino/plugins/parsers/javascript/jsd/evaluator.js
221 silly gunzTarPerm extractEntry lib/panino/plugins/parsers/javascript/pdoc/pdoc.js
222 silly gunzTarPerm extractEntry lib/panino/plugins/parsers/javascript/pdoc/defaultParseRules.json
223 silly gunzTarPerm extractEntry lib/panino/plugins/parsers/javascript/pdoc/pdoc.y
224 silly gunzTarPerm extractEntry lib/panino/plugins/renderers/html.js
225 silly gunzTarPerm extractEntry lib/panino/plugins/renderers/json.js
226 silly gunzTarPerm extractEntry additionalObjs.json
227 silly gunzTarPerm extractEntry parseOptions.json
228 silly gunzTarPerm extractEntry bin/panino.js
229 silly gunzTarPerm extractEntry skins/common_layout.jade
230 silly gunzTarPerm extractEntry skins/goose/assets/csses/bootstrap.min.css
231 silly gunzTarPerm extractEntry skins/goose/assets/csses/prettify.css
232 silly gunzTarPerm extractEntry skins/goose/assets/csses/refguide_overrides.css
233 silly gunzTarPerm extractEntry skins/goose/assets/images/header-back.png
234 silly gunzTarPerm extractEntry skins/goose/assets/images/arrow_footer.png
235 silly gunzTarPerm extractEntry skins/goose/assets/images/c9-sponsor.png
236 silly gunzTarPerm extractEntry skins/goose/assets/images/cloud9-logo.png
237 silly gunzTarPerm extractEntry skins/goose/assets/images/content-bg.png
238 silly gunzTarPerm extractEntry skins/goose/assets/images/content-top-bg.png
239 silly gunzTarPerm extractEntry skins/goose/assets/images/content-top.png
240 silly gunzTarPerm extractEntry skins/goose/assets/images/debuggable-logo-footer.png
241 silly gunzTarPerm extractEntry skins/goose/assets/images/favicon.ico
242 silly gunzTarPerm extractEntry skins/goose/assets/images/footer_arrow.png
243 silly gunzTarPerm extractEntry skins/goose/assets/images/footer_bg.png
244 silly gunzTarPerm extractEntry skins/goose/assets/images/header-back.jpg
245 silly gunzTarPerm extractEntry skins/goose/assets/images/c9-log-footer.png
246 silly gunzTarPerm extractEntry skins/goose/assets/images/joyent-logo-footer.png
247 silly gunzTarPerm extractEntry skins/goose/assets/images/main-bg.png
248 silly gunzTarPerm extractEntry skins/goose/assets/images/main_bg.png
249 silly gunzTarPerm extractEntry skins/goose/assets/images/member-sprites.png
250 silly gunzTarPerm extractEntry skins/goose/assets/images/menu_disc.png
251 silly gunzTarPerm extractEntry skins/goose/assets/images/method_bg.png
252 silly gunzTarPerm extractEntry skins/goose/assets/images/mozilla-logo-footer.png
253 silly gunzTarPerm extractEntry skins/goose/assets/images/node_logo.png
254 silly gunzTarPerm extractEntry skins/goose/assets/images/scrolled-heading-shadow.png
255 silly gunzTarPerm extractEntry skins/goose/assets/images/sidebar-top-bg.png
256 silly gunzTarPerm extractEntry skins/goose/assets/images/sidebar_border.png
257 silly gunzTarPerm extractEntry skins/goose/assets/javascripts/bootstrap-dropdown.js
258 silly gunzTarPerm extractEntry skins/goose/assets/javascripts/clicker.js
259 silly gunzTarPerm extractEntry skins/goose/assets/javascripts/jquery-scrollspy.js
260 silly gunzTarPerm extractEntry skins/goose/assets/javascripts/jquery.collapse.js
261 silly gunzTarPerm extractEntry skins/goose/assets/javascripts/jquery.cookie.js
262 silly gunzTarPerm extractEntry skins/goose/assets/javascripts/jquery.js
263 silly gunzTarPerm extractEntry skins/goose/assets/javascripts/plugins.js
264 silly gunzTarPerm extractEntry skins/goose/assets/javascripts/prettify-extension.js
265 silly gunzTarPerm extractEntry skins/goose/assets/javascripts/prettify.js
266 silly gunzTarPerm extractEntry skins/goose/assets/javascripts/ux.js
267 silly gunzTarPerm extractEntry skins/goose/templates/_menu.jade
268 silly gunzTarPerm extractEntry skins/goose/templates/layout.jade
269 silly gunzTarPerm extractEntry skins/goose/templates/lib.jade
270 silly gunzTarPerm extractEntry skins/original/assets/images/instance_property.png
271 silly gunzTarPerm extractEntry skins/original/assets/images/class.png
272 silly gunzTarPerm extractEntry skins/original/assets/images/class_property.png
273 silly gunzTarPerm extractEntry skins/original/assets/images/constant.png
274 silly gunzTarPerm extractEntry skins/original/assets/images/constructor.png
275 silly gunzTarPerm extractEntry skins/original/assets/images/description.png
276 silly gunzTarPerm extractEntry skins/original/assets/images/event.png
277 silly gunzTarPerm extractEntry skins/original/assets/images/information.png
278 silly gunzTarPerm extractEntry skins/original/assets/images/instance_method.png
279 silly gunzTarPerm extractEntry skins/original/assets/images/class_method.png
280 silly gunzTarPerm extractEntry skins/original/assets/images/method.png
281 silly gunzTarPerm extractEntry skins/original/assets/images/mixin.png
282 silly gunzTarPerm extractEntry skins/original/assets/images/namespace.png
283 silly gunzTarPerm extractEntry skins/original/assets/images/property.png
284 silly gunzTarPerm extractEntry skins/original/assets/images/section.png
285 silly gunzTarPerm extractEntry skins/original/assets/images/subclass.png
286 silly gunzTarPerm extractEntry skins/original/assets/images/superclass.png
287 silly gunzTarPerm extractEntry skins/original/assets/images/utility.png
288 silly gunzTarPerm extractEntry skins/original/assets/javascripts/main.js
289 silly gunzTarPerm extractEntry skins/original/assets/stylesheets/docblock.styl
290 silly gunzTarPerm extractEntry skins/original/assets/stylesheets/highlight.styl
291 silly gunzTarPerm extractEntry skins/original/assets/stylesheets/layout.styl
292 silly gunzTarPerm extractEntry skins/original/assets/stylesheets/main.css.styl
293 silly gunzTarPerm extractEntry skins/original/assets/stylesheets/menu.styl
294 silly gunzTarPerm extractEntry skins/original/assets/stylesheets/reset.styl
295 silly gunzTarPerm extractEntry skins/original/assets/stylesheets/signatures.styl
296 silly gunzTarPerm extractEntry skins/original/assets/stylesheets/type.styl
297 silly gunzTarPerm extractEntry skins/original/assets/stylesheets/variables.styl
298 silly gunzTarPerm extractEntry skins/original/templates/_arguments.jade
299 silly gunzTarPerm extractEntry skins/original/templates/_doc_header.jade
300 silly gunzTarPerm extractEntry skins/original/templates/_menu.jade
301 silly gunzTarPerm extractEntry skins/original/templates/_signatures.jade
302 silly gunzTarPerm extractEntry skins/original/templates/layout.jade
303 silly gunzTarPerm extractEntry skins/original/templates/lib.jade
304 silly gunzTarPerm extractEntry tests/check_test.js
305 silly gunzTarPerm extractEntry tests/features/index.js
306 silly gunzTarPerm extractEntry tests/features/issue_23.js
307 silly gunzTarPerm extractEntry tests/features/issue_24.js
308 silly gunzTarPerm extractEntry tests/features/issue_25.js
309 silly gunzTarPerm extractEntry tests/features/issue_27.js
310 silly gunzTarPerm extractEntry tests/features/issue_2.js
311 silly gunzTarPerm extractEntry tests/features/issue_35.js
312 silly gunzTarPerm extractEntry tests/features/issue_40.js
313 silly gunzTarPerm extractEntry tests/features/issue_45.js
314 silly gunzTarPerm extractEntry tests/features/issue_46.js
315 silly gunzTarPerm extractEntry tests/features/issue_63.js
316 silly gunzTarPerm extractEntry tests/features/issue_11.js
317 silly gunzTarPerm extractEntry tests/features/new_tags.js
318 silly gunzTarPerm extractEntry tests/features/issue_30.js
319 silly gunzTarPerm extractEntry tests/prototype/LICENSE
320 silly gunzTarPerm extractEntry tests/prototype/README.markdown
321 silly gunzTarPerm extractEntry tests/prototype/src/prototype.js
322 silly gunzTarPerm extractEntry tests/prototype/src/selector_engine.js
323 silly gunzTarPerm extractEntry tests/prototype/src/sizzle.js
324 silly gunzTarPerm extractEntry tests/prototype/src/constants.yml
325 silly gunzTarPerm extractEntry tests/prototype/src/prototype/ajax.js
326 silly gunzTarPerm extractEntry tests/prototype/src/prototype/deprecated.js
327 silly gunzTarPerm extractEntry tests/prototype/src/prototype/dom.js
328 silly gunzTarPerm extractEntry tests/prototype/src/prototype/lang.js
329 silly gunzTarPerm extractEntry tests/prototype/src/prototype/prototype.js
330 silly gunzTarPerm extractEntry tests/prototype/src/prototype/ajax/ajax.js
331 silly gunzTarPerm extractEntry tests/prototype/src/prototype/ajax/base.js
332 silly gunzTarPerm extractEntry tests/prototype/src/prototype/ajax/periodical_updater.js
333 silly gunzTarPerm extractEntry tests/prototype/src/prototype/ajax/request.js
334 silly gunzTarPerm extractEntry tests/prototype/src/prototype/ajax/responders.js
335 silly gunzTarPerm extractEntry tests/prototype/src/prototype/ajax/response.js
336 silly gunzTarPerm extractEntry tests/prototype/src/prototype/ajax/updater.js
337 silly gunzTarPerm extractEntry tests/prototype/src/prototype/dom/dom.js
338 silly gunzTarPerm extractEntry tests/prototype/src/prototype/dom/event.js
339 silly gunzTarPerm extractEntry tests/prototype/src/prototype/dom/form.js
340 silly gunzTarPerm extractEntry tests/prototype/src/prototype/dom/layout.js
341 silly gunzTarPerm extractEntry tests/prototype/src/prototype/dom/selector.js
342 silly gunzTarPerm extractEntry tests/prototype/src/prototype/lang/array.js
343 silly gunzTarPerm extractEntry tests/prototype/src/prototype/lang/enumerable.js
344 silly gunzTarPerm extractEntry tests/prototype/src/prototype/lang/function.js
345 silly gunzTarPerm extractEntry tests/prototype/src/prototype/lang/hash.js
346 silly gunzTarPerm extractEntry tests/prototype/src/prototype/lang/date.js
347 silly gunzTarPerm extractEntry tests/prototype/src/prototype/lang/object.js
348 silly gunzTarPerm extractEntry tests/prototype/src/prototype/lang/periodical_executer.js
349 silly gunzTarPerm extractEntry tests/prototype/src/prototype/lang/range.js
350 silly gunzTarPerm extractEntry tests/prototype/src/prototype/lang/regexp.js
351 silly gunzTarPerm extractEntry tests/prototype/src/prototype/lang/string.js
352 silly gunzTarPerm extractEntry tests/prototype/src/prototype/lang/class.js
353 silly gunzTarPerm extractEntry tests/prototype/src/prototype/lang/template.js
354 silly gunzTarPerm extractEntry tests/prototype/src/prototype/lang/number.js
355 verbose read json /Users/gjtorikian/.npm/panino/2.1.5/package/package.json
356 silly shasum updated bytes 40960
357 silly shasum updated bytes 40960
358 silly shasum updated bytes 40960
359 silly shasum updated bytes 40960
360 silly shasum updated bytes 40960
361 silly shasum updated bytes 40960
362 silly shasum updated bytes 40960
363 silly shasum updated bytes 40960
364 silly shasum updated bytes 40960
365 silly shasum updated bytes 40960
366 silly shasum updated bytes 16736
367 info shasum 0d3cfbfcecd97db398659c158326bb874cfbf308
367 info shasum /Users/gjtorikian/.npm/panino/2.1.5/package.tgz
368 verbose from cache /Users/gjtorikian/.npm/panino/2.1.5/package/package.json
369 verbose chmod /Users/gjtorikian/.npm/panino/2.1.5/package.tgz 644
370 verbose chown /Users/gjtorikian/.npm/panino/2.1.5/package.tgz [ 503, 20 ]
371 silly publish { name: 'panino',
371 silly publish   version: '2.1.5',
371 silly publish   description: 'API documentation generator with a strict grammar and testing tools',
371 silly publish   keywords:
371 silly publish    [ 'api',
371 silly publish      'doc',
371 silly publish      'apidoc',
371 silly publish      'documentation',
371 silly publish      'pdoc',
371 silly publish      'ndoc',
371 silly publish      'jsduck',
371 silly publish      'jsdoc' ],
371 silly publish   homepage: 'https://github.com/gjtorikian/panino-docs',
371 silly publish   author: { name: 'Garen J. Torikian', email: 'gjtorikian@gmail.com' },
371 silly publish   contributors:
371 silly publish    [ { name: 'Vitaly Puzrin',
371 silly publish        email: 'vitaly@rcdesign.ru',
371 silly publish        url: 'http://rcdesign.ru' },
371 silly publish      { name: 'Aleksey V Zapparov',
371 silly publish        email: 'ixti@member.fsf.org',
371 silly publish        url: 'http://www.ixti.net/' },
371 silly publish      { name: 'Rene Saarsoo https://github.com/nene' } ],
371 silly publish   bugs: { url: 'https://github.com/gjtorikian/panino/issues' },
371 silly publish   license:
371 silly publish    { type: 'MIT',
371 silly publish      url: 'https://github.com/gjtorikian/panino-docs/blob/master/LICENSE' },
371 silly publish   repository:
371 silly publish    { type: 'git',
371 silly publish      url: 'git://github.com/gjtorikian/panino-docs.git' },
371 silly publish   main: './lib/panino.js',
371 silly publish   dependencies:
371 silly publish    { async: '',
371 silly publish      argparse: '',
371 silly publish      minimatch: '',
371 silly publish      jade: '',
371 silly publish      namp: '',
371 silly publish      underscore: '',
371 silly publish      'fs-tools': '',
371 silly publish      wrench: '',
371 silly publish      markdown_conrefs: '',
371 silly publish      'functional-docs': '',
371 silly publish      esprima: '',
371 silly publish      StringScanner: '',
371 silly publish      colors: '' },
371 silly publish   devDependencies: { jison: '~0.3.0' },
371 silly publish   engines: { node: '>= 0.6.0' },
371 silly publish   preferGlobal: true,
371 silly publish   readme: '# Introduction\n\nPanino is an API documentation generation tool. It can read comments from your source files, or, parse Markdown files and generate the same documentation. Panino runs on [Node.js](http://www.nodejs.org), and uses [Jade](http://jade-lang.com/) as its templating engine.\n\nPanino parses your content following a strict, no-crap-allowed grammar that ensures **correct** and **consistent** documentation, because you\'ve written it following a specific syntax. This means that there is a very specific set of rules and expectations as to how to write your documentation. These rules are not terribly hard or unweildly. Keeping documentation parsed through a grammar ensures thorough and consistent docs, no matter who it\'s written by. It can parse your source files in two ways:\n\n1. By using the [pdoc](https://github.com/tobie/pdoc)-notation for documentation. [This blog post](http://andrewdupont.net/2008/11/16/pdoc-inline-documentation-for-prototype/) identifies some of the advantages over other commenting-to-documentation systems.  The pdoc system was originally based on [ndoc](https://github.com/nodeca/ndoc).)\n2. By using a JSDoc-like notation for comments. The inspiration and much of the work for this parsing comes from a port of [JSDuck](https://github.com/senchalabs/jsduck). While some of the conventions of JSDuck are kept, this should not be considered a 100% port.\n\nFor more help, including syntax and tag definitions, see [the wiki](https://github.com/gjtorikian/panino-docs/wiki).\n\n### Who Uses It?\n\n* [Ace API](http://ace.ajax.org/api)\n* [NodeManual](http://www.nodemanual.org)\n\n# Features\n\n* Support for Markdown files\n* Creating a separate page for every class\n* Support for proper "`[[ ]]`"-notation linking (_e.g. `[[Class.foo]]` renders to a link wrapped in a `<code>` tag)\n* Adding "shortened" descriptions, truncating the full description into a single sentance\n* Ability to linkify everything (object types in signatures, return types, e.t.c.)\n* Allowing to specify a URL to retrieve documentation about global objects (like `Array` or `String`)\n* Support for [content references (or conrefs)](http://www.github.com/gjtorikian/markdown_conrefs). Conrefs are a way to write a sentance once, and refer to it in multiple locations. \n* Documentation runs through [a test suite](https://github.com/gjtorikian/functional-docs) to ensure the validity of all links and images\n* Support for arbitrary metadata on classes and members (that can be used in templates)\n* Support for arbitrary Markdown-to-HTML page conversion\n\nMarkdown is converted using [namp](https://github.com/gjtorikian/namp).\n\n# Installation\n\nYou\'ll need `node.js` and `npm` installed. Then, you can can choose to install Panino globally:\n\n    npm install -g panino\n\nFrom the command line, just run\n\n    node panino --path [source_files]\n\nOtherwise, you can write a simple build script to do the work for you. Here\'s how that might look for a pdoc-like system:\n\n```javascript\nvar options = {\n  title       : "Some test docs",\n  output      : \'./output\',\n  skin        : "./skins/goose/templates/layout.jade",\n  assets      : "./skins/goose/assets",\n  additionalObjs : "./additionalObjs.json",\n  parseOptions   : "./nodeParseOptions.json"\n};\n\nvar files = wrench.readdirSyncRecursive("./nodejs_ref_guide").map(function(f) {\n  return path.join(__dirname + "/nodejs_ref_guide/" + f);\n});\n\npanino.parse(files, options, function (err, ast) {\n  if (err) {\n    console.error(err);\n    process.exit(1);\n  }\n\n  panino.render(\'html\', ast, options, function (err) {\n    if (err) {\n      console.error(err);\n      process.exit(1);\n    }\n  });\n});\n```\n\nPanino has two processes: a parsing phase, and a rendering phase. \n\n`panino.parse()` takes three arguments:\n\n* An array of files to use\n* Build options\n* A callback that returns `err` and the parsed `ast`\n\n`panino.render` takes four arguments:\n\n* The rendering mode; currently, this can be `html` or `json`, though you can also create your own renderers\n* The previously created `ast`\n* Build options\n* A final callback to check for `err`\n\n# License\n\nThis project is distributed under the [MIT](https://github.com/gjtorikian/panino-docs/blob/master/LICENSE) license.\n\n# Why the Name?\n\n_Panino_ refers to [a type of sandwich in Italy](http://en.wikipedia.org/wiki/Panini_\\(sandwich\\)#Terminology). Panini is its plural form, but is often mistakenly used as the singular. It seemed important to draw attention to the fact that what you\'re defining should represent what it actually is, in documentation and beyond.',
371 silly publish   _id: 'panino@2.1.5',
371 silly publish   dist: { shasum: '0d3cfbfcecd97db398659c158326bb874cfbf308' } }
372 verbose url raw panino
373 verbose url resolving [ 'https://registry.npmjs.org/', './panino' ]
374 verbose url resolved https://registry.npmjs.org/panino
375 http PUT https://registry.npmjs.org/panino
376 http 409 https://registry.npmjs.org/panino
377 verbose url raw panino
378 verbose url resolving [ 'https://registry.npmjs.org/', './panino' ]
379 verbose url resolved https://registry.npmjs.org/panino
380 http GET https://registry.npmjs.org/panino
381 http 200 https://registry.npmjs.org/panino
382 error publish fail Cannot publish over existing version.
382 error publish fail Bump the 'version' field, set the --force flag, or
382 error publish fail     npm unpublish 'panino@2.1.5'
382 error publish fail and try again
383 error System Darwin 12.2.0
384 error command "node" "/usr/local/bin/npm" "publish" "."
385 error cwd /Users/gjtorikian/Developer/panino-docs
386 error node -v v0.6.18
387 error npm -v 1.1.32
388 error code EPUBLISHCONFLICT
389 error message publish fail
390 verbose exit [ 1, true ]
